# JRE version: OpenJDK Runtime Environment JBR-11.0.9.11-944.49-jcef (11.0.9+11) (build 11.0.9+11-b944.49)
# Java VM: OpenJDK 64-Bit Server VM JBR-11.0.9.11-944.49-jcef (11.0.9+11-b944.49, mixed mode, tiered, compressed oops, g1 gc, windows-amd64)
Heap:
 garbage-first heap   total 262144K, used 135906K [0x00000000e0000000, 0x0000000100000000)
  region size 1024K, 119 young (121856K), 12 survivors (12288K)
 Metaspace       used 57368K, capacity 58834K, committed 58924K, reserved 305152K
  class space    used 7515K, capacity 8054K, committed 8064K, reserved 253952K
GC Heap History (10 events):
Event: 0.607 GC heap before
{Heap before GC invocations=0 (full 0):
 garbage-first heap   total 262144K, used 29696K [0x00000000e0000000, 0x0000000100000000)
  region size 1024K, 24 young (24576K), 0 survivors (0K)
 Metaspace       used 10172K, capacity 10435K, committed 10624K, reserved 264192K
  class space    used 1049K, capacity 1097K, committed 1152K, reserved 253952K
}
Event: 0.611 GC heap after
{Heap after GC invocations=1 (full 0):
 garbage-first heap   total 262144K, used 8812K [0x00000000e0000000, 0x0000000100000000)
  region size 1024K, 3 young (3072K), 3 survivors (3072K)
 Metaspace       used 10172K, capacity 10435K, committed 10624K, reserved 264192K
  class space    used 1049K, capacity 1097K, committed 1152K, reserved 253952K
}
Event: 2.341 GC heap before
{Heap before GC invocations=1 (full 0):
 garbage-first heap   total 262144K, used 104044K [0x00000000e0000000, 0x0000000100000000)
  region size 1024K, 97 young (99328K), 3 survivors (3072K)
 Metaspace       used 20488K, capacity 20968K, committed 21248K, reserved 274432K
  class space    used 2389K, capacity 2534K, committed 2560K, reserved 253952K
}
Event: 2.348 GC heap after
{Heap after GC invocations=2 (full 0):
 garbage-first heap   total 262144K, used 15750K [0x00000000e0000000, 0x0000000100000000)
  region size 1024K, 10 young (10240K), 10 survivors (10240K)
 Metaspace       used 20488K, capacity 20968K, committed 21248K, reserved 274432K
  class space    used 2389K, capacity 2534K, committed 2560K, reserved 253952K
}
Event: 2.793 GC heap before
{Heap before GC invocations=3 (full 0):
 garbage-first heap   total 262144K, used 50566K [0x00000000e0000000, 0x0000000100000000)
  region size 1024K, 44 young (45056K), 10 survivors (10240K)
 Metaspace       used 24379K, capacity 24963K, committed 25216K, reserved 276480K
  class space    used 3014K, capacity 3191K, committed 3200K, reserved 253952K
}
Event: 2.799 GC heap after
{Heap after GC invocations=4 (full 0):
 garbage-first heap   total 262144K, used 17637K [0x00000000e0000000, 0x0000000100000000)
  region size 1024K, 2 young (2048K), 2 survivors (2048K)
 Metaspace       used 24379K, capacity 24963K, committed 25216K, reserved 276480K
  class space    used 3014K, capacity 3191K, committed 3200K, reserved 253952K
}
Event: 3.578 GC heap before
{Heap before GC invocations=4 (full 0):
 garbage-first heap   total 262144K, used 82149K [0x00000000e0000000, 0x0000000100000000)
  region size 1024K, 67 young (68608K), 2 survivors (2048K)
 Metaspace       used 34721K, capacity 35490K, committed 35628K, reserved 286720K
  class space    used 4387K, capacity 4680K, committed 4736K, reserved 253952K
}
Event: 3.586 GC heap after
{Heap after GC invocations=5 (full 0):
 garbage-first heap   total 262144K, used 21150K [0x00000000e0000000, 0x0000000100000000)
  region size 1024K, 6 young (6144K), 6 survivors (6144K)
 Metaspace       used 34721K, capacity 35490K, committed 35628K, reserved 286720K
  class space    used 4387K, capacity 4680K, committed 4736K, reserved 253952K
}
Event: 4.759 GC heap before
{Heap before GC invocations=6 (full 0):
 garbage-first heap   total 262144K, used 126622K [0x00000000e0000000, 0x0000000100000000)
  region size 1024K, 107 young (109568K), 6 survivors (6144K)
 Metaspace       used 43944K, capacity 45016K, committed 45228K, reserved 294912K
  class space    used 5676K, capacity 6036K, committed 6144K, reserved 253952K
}
Event: 4.771 GC heap after
{Heap after GC invocations=7 (full 0):
 garbage-first heap   total 262144K, used 27362K [0x00000000e0000000, 0x0000000100000000)
  region size 1024K, 12 young (12288K), 12 survivors (12288K)
 Metaspace       used 43944K, capacity 45016K, committed 45228K, reserved 294912K
  class space    used 5676K, capacity 6036K, committed 6144K, reserved 253952K
}

